#
# A fatal error has been detected by the Java Runtime Environment:
#
#  Internal Error (javaClasses.cpp:126), pid=6748, tid=7672
#  fatal error: Invalid layout of preloaded class
#
# JRE version:  (8.0_31-b13) (build )
# Java VM: Java HotSpot(TM) 64-Bit Server VM (25.31-b07 mixed mode windows-amd64 compressed oops)
# Failed to write core dump. Minidumps are not enabled by default on client versions of Windows
#
# If you would like to submit a bug report, please visit:
#   http://bugreport.java.com/bugreport/crash.jsp
#

---------------  T H R E A D  ---------------

Current thread (0x000000000254d800):  JavaThread "Unknown thread" [_thread_in_vm, id=7672, stack(0x00000000026f0000,0x00000000027f0000)]

Stack: [0x00000000026f0000,0x00000000027f0000]
Native frames: (J=compiled Java code, j=interpreted, Vv=VM code, C=native code)
V  [jvm.dll+0x3169ba]
V  [jvm.dll+0x2674c3]
V  [jvm.dll+0x268103]
V  [jvm.dll+0x25f876]
V  [jvm.dll+0x5e443]
V  [jvm.dll+0x5e533]
V  [jvm.dll+0x72e9a]
V  [jvm.dll+0x73208]
V  [jvm.dll+0xe4997]
V  [jvm.dll+0xe4d26]
V  [jvm.dll+0x1fa057]
V  [jvm.dll+0x22b694]
V  [jvm.dll+0x14d8c1]
C  [javaw.exe+0x20c6]
C  [javaw.exe+0xc9eb]
C  [javaw.exe+0xca7f]
C  [kernel32.dll+0x1f56d]
C  [ntdll.dll+0x33281]


---------------  P R O C E S S  ---------------

Java Threads: ( => current thread )

Other Threads:

=>0x000000000254d800 (exited) JavaThread "Unknown thread" [_thread_in_vm, id=7672, stack(0x00000000026f0000,0x00000000027f0000)]

VM state:not at safepoint (not fully initialized)

VM Mutex/Monitor currently owned by a thread: None

GC Heap History (0 events):
No events

Deoptimization events (0 events):
No events

Internal exceptions (0 events):
No events

Events (10 events):
Event: 0.006 loading class java/lang/CharSequence done
Event: 0.006 loading class java/lang/String done
Event: 0.006 loading class java/lang/Class
Event: 0.006 loading class java/lang/reflect/GenericDeclaration
Event: 0.006 loading class java/lang/reflect/GenericDeclaration done
Event: 0.006 loading class java/lang/reflect/Type
Event: 0.006 loading class java/lang/reflect/Type done
Event: 0.006 loading class java/lang/reflect/AnnotatedElement
Event: 0.006 loading class java/lang/reflect/AnnotatedElement done
Event: 0.006 loading class java/lang/Class done


Dynamic libraries:
0x000000013f180000 - 0x000000013f1b4000 	C:\Program Files\Java\jdk1.8.0_31\bin\javaw.exe
0x00000000772b0000 - 0x000000007745b000 	C:\windows\SYSTEM32\ntdll.dll
0x0000000077190000 - 0x00000000772af000 	C:\windows\system32\kernel32.dll
0x000007fefd570000 - 0x000007fefd5db000 	C:\windows\system32\KERNELBASE.dll
0x000007fefd760000 - 0x000007fefd83b000 	C:\windows\system32\ADVAPI32.dll
0x000007fefee90000 - 0x000007fefef2f000 	C:\windows\system32\msvcrt.dll
0x000007fefe7f0000 - 0x000007fefe80f000 	C:\windows\SYSTEM32\sechost.dll
0x000007fefd630000 - 0x000007fefd75e000 	C:\windows\system32\RPCRT4.dll
0x0000000077090000 - 0x000000007718a000 	C:\windows\system32\USER32.dll
0x000007fefe780000 - 0x000007fefe7e7000 	C:\windows\system32\GDI32.dll
0x000007fefef30000 - 0x000007fefef3e000 	C:\windows\system32\LPK.dll
0x000007fefedc0000 - 0x000007fefee8a000 	C:\windows\system32\USP10.dll
0x000007fefb8c0000 - 0x000007fefbab4000 	C:\windows\WinSxS\amd64_microsoft.windows.common-controls_6595b64144ccf1df_6.0.7600.16385_none_fa645303170382f6\COMCTL32.dll
0x000007fefe810000 - 0x000007fefe881000 	C:\windows\system32\SHLWAPI.dll
0x000007feff1a0000 - 0x000007feff1ce000 	C:\windows\system32\IMM32.DLL
0x000007feff4b0000 - 0x000007feff5b9000 	C:\windows\system32\MSCTF.dll
0x0000000073510000 - 0x00000000735e2000 	C:\Program Files\Java\jdk1.8.0_31\jre\bin\msvcr100.dll
0x000000006e250000 - 0x000000006eaaa000 	C:\Program Files\Java\jdk1.8.0_31\jre\bin\server\jvm.dll
0x000007fef2240000 - 0x000007fef2249000 	C:\windows\system32\WSOCK32.dll
0x000007fefd5e0000 - 0x000007fefd62d000 	C:\windows\system32\WS2_32.dll
0x000007fefe770000 - 0x000007fefe778000 	C:\windows\system32\NSI.dll
0x000007fefb850000 - 0x000007fefb88b000 	C:\windows\system32\WINMM.dll
0x0000000077470000 - 0x0000000077477000 	C:\windows\system32\PSAPI.DLL
0x0000000073ae0000 - 0x0000000073aef000 	C:\Program Files\Java\jdk1.8.0_31\jre\bin\verify.dll
0x0000000073ab0000 - 0x0000000073ad8000 	C:\Program Files\Java\jdk1.8.0_31\jre\bin\java.dll
0x0000000073a90000 - 0x0000000073aa6000 	C:\Program Files\Java\jdk1.8.0_31\jre\bin\zip.dll
0x000007fede2b0000 - 0x000007fede3d5000 	C:\windows\system32\dbghelp.dll

VM Arguments:
jvm_args: -Dfile.encoding=UTF-8 -Xbootclasspath:E:\Android SDK\platforms\android-25\android.jar 
java_command: com.gbframe.test.Test
java_class_path (initial): E:\Android\GBFrame\bin\classes;E:\Android\GBFrame\libs\android-support-v4.jar
Launcher Type: SUN_STANDARD

Environment Variables:
PATH=C:/Program Files/Java/jdk1.8.0_31/bin/../jre/bin/server;C:/Program Files/Java/jdk1.8.0_31/bin/../jre/bin;C:/Program Files/Java/jdk1.8.0_31/bin/../jre/lib/amd64;C:\Program Files (x86)\NVIDIA Corporation\PhysX\Common;C:\windows\system32;C:\windows;C:\windows\System32\Wbem;C:\windows\System32\WindowsPowerShell\v1.0\;C:\Program Files (x86)\ATI Technologies\ATI.ACE\Core-Static;C:\Users\Administrator\ShortCut;C:\Program Files\Java\jdk1.8.0_31\bin;E:\Android SDK\platform-tools;D:\Gradle\gradle-2.3\bin;E:\Android_NDK\android-ndk-r10d;D:\Eclipse\eclipse;
USERNAME=lingb
OS=Windows_NT
PROCESSOR_IDENTIFIER=Intel64 Family 6 Model 60 Stepping 3, GenuineIntel



---------------  S Y S T E M  ---------------

OS: Windows 7 , 64 bit Build 7600 

CPU:total 4 (4 cores per cpu, 1 threads per core) family 6 model 60 stepping 3, cmov, cx8, fxsr, mmx, sse, sse2, sse3, ssse3, sse4.1, sse4.2, popcnt, aes, clmul, erms, lzcnt, tsc, tscinvbit, bmi1, bmi2

Memory: 4k page, physical 8340004k(3311772k free), swap 16678104k(10825480k free)

vm_info: Java HotSpot(TM) 64-Bit Server VM (25.31-b07) for windows-amd64 JRE (1.8.0_31-b13), built on Dec 17 2014 21:00:28 by "java_re" with MS VC++ 10.0 (VS2010)

time: Wed Mar 08 15:54:31 2017
elapsed time: 0 seconds (0d 0h 0m 0s)

